<html>
<body>
<pre>
<h1>µVision Build Log</h1>
<h2>Tool Versions:</h2>
IDE-Version: µVision V5.32.0.0
Copyright (C) 2020 ARM Ltd and ARM Germany GmbH. All rights reserved.
License Information: Le Linh, DUT, LIC=JL28G-V6GL9-RACDM-XULYC-1MV3L-FE9CA
 
Tool Versions:
Toolchain:       MDK-ARM Plus  Version: 5.32.0.0
Toolchain Path:  C:\Keil_v5\ARM\ARMCLANG\Bin
C Compiler:      ArmClang.exe V6.14.1
Assembler:       Armasm.exe V6.14.1
Linker/Locator:  ArmLink.exe V6.14.1
Library Manager: ArmAr.exe V6.14.1
Hex Converter:   FromElf.exe V6.14.1
CPU DLL:         SARMCM3.DLL V5.32.0.0
Dialog DLL:      DCM.DLL V1.17.3.0
Target DLL:      UL2CM3.DLL V1.163.9.0
Dialog DLL:      TCM.DLL V1.46.0.0
 
<h2>Project:</h2>
E:\Desktop\Stm32\F407VGT6\az15.exception_entry_sequence\az15.exception_entry_sequence.uvprojx
Project File Date:  12/29/2021

<h2>Output:</h2>
*** Using Compiler 'V6.14.1', folder: 'C:\Keil_v5\ARM\ARMCLANG\Bin'
Rebuild target 'Target 1'
main.c(3): warning: #warning is a language extension [-Wpedantic]
  #warning "FPU is not initialized, but the project is compiling for an FPU. Please initialize the FPU before use."
   ^
main.c(3): warning: "FPU is not initialized, but the project is compiling for an FPU. Please initialize the FPU before use." [-W#warnings]
main.c(9): warning: no previous extern declaration for non-static variable 'aStackFrame' [-Wmissing-variable-declarations]
uint8_t aStackFrame[8] = {0};
        ^
main.c(9): note: declare 'static' if the variable is not intended to be used outside of this translation unit
uint8_t aStackFrame[8] = {0};
^
main.c(12): warning: no previous prototype for function 'generate_interrupt' [-Wmissing-prototypes]
void generate_interrupt()
     ^
main.c(12): note: declare 'static' if the function is not intended to be used outside of this translation unit
void generate_interrupt()
^
static 
main.c(43): error: expected '(' after 'asm'
__asm void Systick_Handler(void)
      ^
main.c(43): error: expected ';' after top-level asm block
__asm void Systick_Handler(void)
     ^
     ;
main.c(43): warning: no previous prototype for function 'Systick_Handler' [-Wmissing-prototypes]
__asm void Systick_Handler(void)
           ^
main.c(43): note: declare 'static' if the function is not intended to be used outside of this translation unit
__asm void Systick_Handler(void)
      ^
      static 
main.c(48): error: expected '(' after 'asm'
__asm void RTC_WKUP_IRQHandler(void)
      ^
main.c(48): error: expected ';' after top-level asm block
__asm void RTC_WKUP_IRQHandler(void)
     ^
     ;
main.c(52): error: use of undeclared identifier 'PRESERVE8'
PRESERVE8 {true}
^
main.c(48): warning: no previous prototype for function 'RTC_WKUP_IRQHandler' [-Wmissing-prototypes]
__asm void RTC_WKUP_IRQHandler(void)
           ^
main.c(48): note: declare 'static' if the function is not intended to be used outside of this translation unit
__asm void RTC_WKUP_IRQHandler(void)
      ^
      static 
main.c(65): warning: implicit conversion loses integer precision: 'uint32_t' (aka 'unsigned int') to 'uint8_t' (aka 'unsigned char') [-Wimplicit-int-conversion]
                aStackFrame[u8Count] = *pReadStackFrame;
                                     ~ ^~~~~~~~~~~~~~~~
7 warnings and 5 errors generated.
compiling main.c...
assembling startup_stm32f407xx.s...
compiling system_stm32f4xx.c...
".\Objects\az15.exception_entry_sequence" - 5 Error(s), 7 Warning(s).

<h2>Software Packages used:</h2>

Package Vendor: ARM
                http://www.keil.com/pack/ARM.CMSIS.5.7.0.pack
                ARM.CMSIS.5.7.0
                CMSIS (Cortex Microcontroller Software Interface Standard)
   * Component: CORE Version: 5.4.0

Package Vendor: Keil
                http://www.keil.com/pack/Keil.STM32F4xx_DFP.2.15.0.pack
                Keil.STM32F4xx_DFP.2.15.0
                STMicroelectronics STM32F4 Series Device Support, Drivers and Examples
   * Component: Startup Version: 2.6.3

<h2>Collection of Component include folders:</h2>
  .\RTE\_Target_1
  C:\Users\Linh\AppData\Local\Arm\Packs\ARM\CMSIS\5.7.0\CMSIS\Core\Include
  C:\Users\Linh\AppData\Local\Arm\Packs\Keil\STM32F4xx_DFP\2.15.0\Drivers\CMSIS\Device\ST\STM32F4xx\Include

<h2>Collection of Component Files used:</h2>

   * Component: ARM::CMSIS:CORE:5.4.0

   * Component: Keil::Device:Startup:2.6.3
      Source file:   Drivers\CMSIS\Device\ST\STM32F4xx\Source\Templates\arm\startup_stm32f407xx.s
      Source file:   MDK\Device\Source\ARM\STM32F40xxx_41xxx_OPT.s
      Include file:  Drivers\CMSIS\Device\ST\STM32F4xx\Include\stm32f4xx.h
      Source file:   MDK\Device\Source\ARM\STM32F4xx_OTP.s
      Source file:   Drivers\CMSIS\Device\ST\STM32F4xx\Source\Templates\system_stm32f4xx.c
Target not created.
Build Time Elapsed:  00:00:00
</pre>
</body>
</html>
